Arguments: 
  /usr/local/bin/node /usr/local/bin/yarn add sequilize-cli

PATH: 
  /usr/local/bin:/usr/bin:/bin:/usr/sbin:/sbin:/Users/glebasty/Library/Android/sdk/emulator:/Users/glebasty/Library/Android/sdk/tools:/Users/glebasty/Library/Android/sdk/tools/bin:/Users/glebasty/Library/Android/sdk/platform-tools

Yarn version: 
  1.13.0

Node version: 
  10.15.3

Platform: 
  darwin x64

Trace: 
  Error: https://registry.yarnpkg.com/sequilize-cli: Not found
      at Request.params.callback [as _callback] (/usr/local/lib/node_modules/yarn/lib/cli.js:66255:18)
      at Request.self.callback (/usr/local/lib/node_modules/yarn/lib/cli.js:129397:22)
      at Request.emit (events.js:189:13)
      at Request.<anonymous> (/usr/local/lib/node_modules/yarn/lib/cli.js:130369:10)
      at Request.emit (events.js:189:13)
      at IncomingMessage.<anonymous> (/usr/local/lib/node_modules/yarn/lib/cli.js:130291:12)
      at Object.onceWrapper (events.js:277:13)
      at IncomingMessage.emit (events.js:194:15)
      at endReadableNT (_stream_readable.js:1125:12)
      at process._tickCallback (internal/process/next_tick.js:63:19)

npm manifest: 
  {
    "name": "bet-manager-back",
    "version": "1.0.0",
    "description": "",
    "main": "index.js",
    "scripts": {
      "tsc": "tsc",
      "dev": "ts-node-dev --respawn --transpileOnly ./app/app.ts",
      "prod": "tsc && node ./build/app.js",
      "migrate_dev": "set NODE_ENV=development&&sequelize db:migrate"
    },
    "keywords": [],
    "author": "",
    "license": "ISC",
    "dependencies": {
      "@types/body-parser": "^1.17.0",
      "@types/cors": "^2.8.5",
      "@types/express": "^4.17.0",
      "@types/helmet": "0.0.43",
      "@types/jsonwebtoken": "^8.3.2",
      "bcrypt": "^3.0.6",
      "body-parser": "^1.19.0",
      "cors": "^2.8.5",
      "dotenv": "^8.0.0",
      "express": "^4.17.1",
      "helmet": "^3.20.0",
      "jsonwebtoken": "^8.5.1",
      "lodash": "^4.17.15",
      "pg": "^7.12.0",
      "sequelize": "^5.12.3",
      "ts-node-dev": "^1.0.0-pre.40",
      "typescript": "^3.5.3"
    },
    "devDependencies": {
      "morgan": "^1.9.1",
      "sequelize-cli": "^5.5.0",
      "tslint": "^5.18.0"
    }
  }

yarn manifest: 
  No manifest

Lockfile: 
  No lockfile
